<?xml version="1.0" encoding="UTF-8"?>
<!-- Generated by org.testng.reporters.JUnitReportReporter -->
<testsuite skipped="0" hostname="WS-6NHBX32" name="testcases.Test_001" tests="1" failures="0" timestamp="01 Dec 2018 23:23:31 GMT" time="9.537" errors="0">
  <testcase name="firstTest" time="9.537" classname="testcases.Test_001"/>
</testsuite> <!-- testcases.Test_001 -->
